<?xml version="1.0" encoding="UTF-8"?>
<testng-results ignored="0" total="1" passed="1" failed="0" skipped="0">
  <reporter-output>
  </reporter-output>
  <suite started-at="2025-04-19T16:20:52 IST" name="Default suite" finished-at="2025-04-19T16:21:04 IST" duration-ms="12860">
    <groups>
    </groups>
    <test started-at="2025-04-19T16:20:52 IST" name="Default test" finished-at="2025-04-19T16:21:04 IST" duration-ms="12860">
      <class name="demo1.Testcase1">
        <test-method signature="users()[pri:0, instance:demo1.Testcase1@1d296da]" started-at="2025-04-19T16:20:52 IST" name="users" finished-at="2025-04-19T16:20:58 IST" duration-ms="6690" status="PASS">
          <reporter-output>
          </reporter-output>
        </test-method> <!-- users -->
        <test-method is-config="true" signature="users2()[pri:0, instance:demo1.Testcase1@1d296da]" started-at="2025-04-19T16:20:58 IST" name="users2" finished-at="2025-04-19T16:21:04 IST" duration-ms="6115" status="PASS">
          <reporter-output>
          </reporter-output>
        </test-method> <!-- users2 -->
      </class> <!-- demo1.Testcase1 -->
    </test> <!-- Default test -->
  </suite> <!-- Default suite -->
</testng-results>
